2024-12-04T13:26:51.723+05:30  INFO 12180 --- [Campus_Hire] [restartedMain] com.jbk.CampusHireApplication            : Starting CampusHireApplication using Java 22.0.1 with PID 12180 (C:\Users\admin\eclipse-workspace\Campus_Hire\Campus_Hire\target\classes started by admin in C:\Users\admin\eclipse-workspace\Campus_Hire\Campus_Hire)
2024-12-04T13:26:51.724+05:30  INFO 12180 --- [Campus_Hire] [restartedMain] com.jbk.CampusHireApplication            : No active profile set, falling back to 1 default profile: "default"
2024-12-04T13:26:52.331+05:30  INFO 12180 --- [Campus_Hire] [restartedMain] .s.d.r.c.RepositoryConfigurationDelegate : Bootstrapping Spring Data JPA repositories in DEFAULT mode.
2024-12-04T13:26:52.349+05:30  INFO 12180 --- [Campus_Hire] [restartedMain] .s.d.r.c.RepositoryConfigurationDelegate : Finished Spring Data repository scanning in 13 ms. Found 0 JPA repository interfaces.
2024-12-04T13:26:52.726+05:30  INFO 12180 --- [Campus_Hire] [restartedMain] o.s.b.w.embedded.tomcat.TomcatWebServer  : Tomcat initialized with port 8091 (http)
2024-12-04T13:26:52.736+05:30  INFO 12180 --- [Campus_Hire] [restartedMain] o.apache.catalina.core.StandardService   : Starting service [Tomcat]
2024-12-04T13:26:52.739+05:30  INFO 12180 --- [Campus_Hire] [restartedMain] o.apache.catalina.core.StandardEngine    : Starting Servlet engine: [Apache Tomcat/10.1.33]
2024-12-04T13:26:52.844+05:30  INFO 12180 --- [Campus_Hire] [restartedMain] o.a.c.c.C.[Tomcat].[localhost].[/]       : Initializing Spring embedded WebApplicationContext
2024-12-04T13:26:52.845+05:30  INFO 12180 --- [Campus_Hire] [restartedMain] w.s.c.ServletWebServerApplicationContext : Root WebApplicationContext: initialization completed in 1116 ms
2024-12-04T13:26:52.990+05:30  INFO 12180 --- [Campus_Hire] [restartedMain] o.hibernate.jpa.internal.util.LogHelper  : HHH000204: Processing PersistenceUnitInfo [name: default]
2024-12-04T13:26:53.002+05:30  INFO 12180 --- [Campus_Hire] [restartedMain] o.h.c.internal.RegionFactoryInitiator    : HHH000026: Second-level cache disabled
2024-12-04T13:26:53.024+05:30  INFO 12180 --- [Campus_Hire] [restartedMain] o.s.o.j.p.SpringPersistenceUnitInfo      : No LoadTimeWeaver setup: ignoring JPA class transformer
2024-12-04T13:26:53.029+05:30  INFO 12180 --- [Campus_Hire] [restartedMain] com.zaxxer.hikari.HikariDataSource       : HikariPool-4 - Starting...
2024-12-04T13:26:53.070+05:30  INFO 12180 --- [Campus_Hire] [restartedMain] com.zaxxer.hikari.pool.HikariPool        : HikariPool-4 - Added connection com.mysql.cj.jdbc.ConnectionImpl@6336e35
2024-12-04T13:26:53.073+05:30  INFO 12180 --- [Campus_Hire] [restartedMain] com.zaxxer.hikari.HikariDataSource       : HikariPool-4 - Start completed.
2024-12-04T13:26:53.075+05:30  WARN 12180 --- [Campus_Hire] [restartedMain] org.hibernate.orm.deprecation            : HHH90000025: MySQL8Dialect does not need to be specified explicitly using 'hibernate.dialect' (remove the property setting and it will be selected by default)
2024-12-04T13:26:53.077+05:30  WARN 12180 --- [Campus_Hire] [restartedMain] org.hibernate.orm.deprecation            : HHH90000026: MySQL8Dialect has been deprecated; use org.hibernate.dialect.MySQLDialect instead
2024-12-04T13:26:53.348+05:30  INFO 12180 --- [Campus_Hire] [restartedMain] o.h.e.t.j.p.i.JtaPlatformInitiator       : HHH000489: No JTA platform available (set 'hibernate.transaction.jta.platform' to enable JTA platform integration)
2024-12-04T13:26:53.375+05:30  INFO 12180 --- [Campus_Hire] [restartedMain] j.LocalContainerEntityManagerFactoryBean : Initialized JPA EntityManagerFactory for persistence unit 'default'
2024-12-04T13:26:53.660+05:30  WARN 12180 --- [Campus_Hire] [restartedMain] JpaBaseConfiguration$JpaWebConfiguration : spring.jpa.open-in-view is enabled by default. Therefore, database queries may be performed during view rendering. Explicitly configure spring.jpa.open-in-view to disable this warning
2024-12-04T13:26:54.471+05:30  INFO 12180 --- [Campus_Hire] [restartedMain] o.s.b.d.a.OptionalLiveReloadServer       : LiveReload server is running on port 35729
2024-12-04T13:26:54.492+05:30  INFO 12180 --- [Campus_Hire] [restartedMain] o.s.b.w.embedded.tomcat.TomcatWebServer  : Tomcat started on port 8091 (http) with context path '/'
2024-12-04T13:26:54.500+05:30  INFO 12180 --- [Campus_Hire] [restartedMain] com.jbk.CampusHireApplication            : Started CampusHireApplication in 2.887 seconds (process running for 538.24)
2024-12-04T13:26:54.503+05:30  INFO 12180 --- [Campus_Hire] [restartedMain] .ConditionEvaluationDeltaLoggingListener : Condition evaluation unchanged
2024-12-04T13:27:42.180+05:30  INFO 12180 --- [Campus_Hire] [File Watcher] rtingClassPathChangeChangedEventListener : Restarting due to 1 class path change (0 additions, 0 deletions, 1 modification)
2024-12-04T13:27:42.200+05:30  INFO 12180 --- [Campus_Hire] [Thread-15] j.LocalContainerEntityManagerFactoryBean : Closing JPA EntityManagerFactory for persistence unit 'default'
2024-12-04T13:27:42.202+05:30  INFO 12180 --- [Campus_Hire] [Thread-15] com.zaxxer.hikari.HikariDataSource       : HikariPool-4 - Shutdown initiated...
2024-12-04T13:27:42.225+05:30  INFO 12180 --- [Campus_Hire] [Thread-15] com.zaxxer.hikari.HikariDataSource       : HikariPool-4 - Shutdown completed.
